# JRE version: OpenJDK Runtime Environment Temurin-21.0.5+11 (21.0.5+11) (build 21.0.5+11-LTS)
# Java VM: OpenJDK 64-Bit Server VM Temurin-21.0.5+11 (21.0.5+11-LTS, mixed mode, sharing, tiered, compressed oops, compressed class ptrs, parallel gc, windows-amd64)
GC Precious Log:
 CardTable entry size: 512
 CPUs: 16 total, 16 available
 Memory: 5966M
 Large Page Support: Disabled
 NUMA Support: Disabled
 Compressed Oops: Enabled (32-bit)
 Alignments: Space 512K, Generation 512K, Heap 2M
 Heap Min Capacity: 100M
 Heap Initial Capacity: 100M
 Heap Max Capacity: 1G
 Pre-touch: Disabled
 Parallel Workers: 13
Heap:
 PSYoungGen      total 5632K, used 1256K [0x00000000eab00000, 0x00000000eb280000, 0x0000000100000000)
  eden space 4608K, 14% used [0x00000000eab00000,0x00000000eabaa128,0x00000000eaf80000)
  from space 1024K, 56% used [0x00000000eaf80000,0x00000000eb010000,0x00000000eb080000)
  to   space 1536K, 0% used [0x00000000eb100000,0x00000000eb100000,0x00000000eb280000)
 ParOldGen       total 450560K, used 450252K [0x00000000c0000000, 0x00000000db800000, 0x00000000eab00000)
  object space 450560K, 99% used [0x00000000c0000000,0x00000000db7b3128,0x00000000db800000)
 Metaspace       used 89183K, committed 91072K, reserved 1179648K
  class space    used 8727K, committed 9664K, reserved 1048576K
GC Heap History (20 events):
Event: 947.968 GC heap before
{Heap before GC invocations=2711 (full 8):
 PSYoungGen      total 5632K, used 5236K [0x00000000eab00000, 0x00000000eb280000, 0x0000000100000000)
  eden space 4608K, 100% used [0x00000000eab00000,0x00000000eaf80000,0x00000000eaf80000)
  from space 1024K, 61% used [0x00000000eb180000,0x00000000eb21d200,0x00000000eb280000)
  to   space 1024K, 0% used [0x00000000eaf80000,0x00000000eaf80000,0x00000000eb080000)
 ParOldGen       total 444928K, used 444577K [0x00000000c0000000, 0x00000000db280000, 0x00000000eab00000)
  object space 444928K, 99% used [0x00000000c0000000,0x00000000db2285c8,0x00000000db280000)
 Metaspace       used 89165K, committed 91072K, reserved 1179648K
  class space    used 8726K, committed 9664K, reserved 1048576K
}
Event: 947.973 GC heap after
{Heap after GC invocations=2711 (full 8):
 PSYoungGen      total 5632K, used 788K [0x00000000eab00000, 0x00000000eb200000, 0x0000000100000000)
  eden space 4608K, 0% used [0x00000000eab00000,0x00000000eab00000,0x00000000eaf80000)
  from space 1024K, 77% used [0x00000000eaf80000,0x00000000eb045200,0x00000000eb080000)
  to   space 1024K, 0% used [0x00000000eb100000,0x00000000eb100000,0x00000000eb200000)
 ParOldGen       total 445440K, used 445021K [0x00000000c0000000, 0x00000000db300000, 0x00000000eab00000)
  object space 445440K, 99% used [0x00000000c0000000,0x00000000db2977d8,0x00000000db300000)
 Metaspace       used 89165K, committed 91072K, reserved 1179648K
  class space    used 8726K, committed 9664K, reserved 1048576K
}
Event: 948.084 GC heap before
{Heap before GC invocations=2712 (full 8):
 PSYoungGen      total 5632K, used 5396K [0x00000000eab00000, 0x00000000eb200000, 0x0000000100000000)
  eden space 4608K, 100% used [0x00000000eab00000,0x00000000eaf80000,0x00000000eaf80000)
  from space 1024K, 77% used [0x00000000eaf80000,0x00000000eb045200,0x00000000eb080000)
  to   space 1024K, 0% used [0x00000000eb100000,0x00000000eb100000,0x00000000eb200000)
 ParOldGen       total 445440K, used 445021K [0x00000000c0000000, 0x00000000db300000, 0x00000000eab00000)
  object space 445440K, 99% used [0x00000000c0000000,0x00000000db2977d8,0x00000000db300000)
 Metaspace       used 89165K, committed 91072K, reserved 1179648K
  class space    used 8726K, committed 9664K, reserved 1048576K
}
Event: 948.090 GC heap after
{Heap after GC invocations=2712 (full 8):
 PSYoungGen      total 5632K, used 682K [0x00000000eab00000, 0x00000000eb200000, 0x0000000100000000)
  eden space 4608K, 0% used [0x00000000eab00000,0x00000000eab00000,0x00000000eaf80000)
  from space 1024K, 66% used [0x00000000eb100000,0x00000000eb1aa910,0x00000000eb200000)
  to   space 1024K, 0% used [0x00000000eaf80000,0x00000000eaf80000,0x00000000eb080000)
 ParOldGen       total 445952K, used 445518K [0x00000000c0000000, 0x00000000db380000, 0x00000000eab00000)
  object space 445952K, 99% used [0x00000000c0000000,0x00000000db313808,0x00000000db380000)
 Metaspace       used 89165K, committed 91072K, reserved 1179648K
  class space    used 8726K, committed 9664K, reserved 1048576K
}
Event: 948.102 GC heap before
{Heap before GC invocations=2713 (full 8):
 PSYoungGen      total 5632K, used 5290K [0x00000000eab00000, 0x00000000eb200000, 0x0000000100000000)
  eden space 4608K, 100% used [0x00000000eab00000,0x00000000eaf80000,0x00000000eaf80000)
  from space 1024K, 66% used [0x00000000eb100000,0x00000000eb1aa910,0x00000000eb200000)
  to   space 1024K, 0% used [0x00000000eaf80000,0x00000000eaf80000,0x00000000eb080000)
 ParOldGen       total 445952K, used 445518K [0x00000000c0000000, 0x00000000db380000, 0x00000000eab00000)
  object space 445952K, 99% used [0x00000000c0000000,0x00000000db313808,0x00000000db380000)
 Metaspace       used 89166K, committed 91072K, reserved 1179648K
  class space    used 8726K, committed 9664K, reserved 1048576K
}
Event: 948.104 GC heap after
{Heap after GC invocations=2713 (full 8):
 PSYoungGen      total 5632K, used 938K [0x00000000eab00000, 0x00000000eb180000, 0x0000000100000000)
  eden space 4608K, 0% used [0x00000000eab00000,0x00000000eab00000,0x00000000eaf80000)
  from space 1024K, 91% used [0x00000000eaf80000,0x00000000eb06a910,0x00000000eb080000)
  to   space 1024K, 0% used [0x00000000eb080000,0x00000000eb080000,0x00000000eb180000)
 ParOldGen       total 445952K, used 445938K [0x00000000c0000000, 0x00000000db380000, 0x00000000eab00000)
  object space 445952K, 99% used [0x00000000c0000000,0x00000000db37ca18,0x00000000db380000)
 Metaspace       used 89166K, committed 91072K, reserved 1179648K
  class space    used 8726K, committed 9664K, reserved 1048576K
}
Event: 948.151 GC heap before
{Heap before GC invocations=2714 (full 8):
 PSYoungGen      total 5632K, used 5546K [0x00000000eab00000, 0x00000000eb180000, 0x0000000100000000)
  eden space 4608K, 99% used [0x00000000eab00000,0x00000000eaf7ffe8,0x00000000eaf80000)
  from space 1024K, 91% used [0x00000000eaf80000,0x00000000eb06a910,0x00000000eb080000)
  to   space 1024K, 0% used [0x00000000eb080000,0x00000000eb080000,0x00000000eb180000)
 ParOldGen       total 445952K, used 445938K [0x00000000c0000000, 0x00000000db380000, 0x00000000eab00000)
  object space 445952K, 99% used [0x00000000c0000000,0x00000000db37ca18,0x00000000db380000)
 Metaspace       used 89169K, committed 91072K, reserved 1179648K
  class space    used 8727K, committed 9664K, reserved 1048576K
}
Event: 948.154 GC heap after
{Heap after GC invocations=2714 (full 8):
 PSYoungGen      total 5632K, used 410K [0x00000000eab00000, 0x00000000eb180000, 0x0000000100000000)
  eden space 4608K, 0% used [0x00000000eab00000,0x00000000eab00000,0x00000000eaf80000)
  from space 1024K, 40% used [0x00000000eb080000,0x00000000eb0e6900,0x00000000eb180000)
  to   space 1024K, 0% used [0x00000000eaf80000,0x00000000eaf80000,0x00000000eb080000)
 ParOldGen       total 446464K, used 446322K [0x00000000c0000000, 0x00000000db400000, 0x00000000eab00000)
  object space 446464K, 99% used [0x00000000c0000000,0x00000000db3dca38,0x00000000db400000)
 Metaspace       used 89169K, committed 91072K, reserved 1179648K
  class space    used 8727K, committed 9664K, reserved 1048576K
}
Event: 948.260 GC heap before
{Heap before GC invocations=2715 (full 8):
 PSYoungGen      total 5632K, used 5018K [0x00000000eab00000, 0x00000000eb180000, 0x0000000100000000)
  eden space 4608K, 100% used [0x00000000eab00000,0x00000000eaf80000,0x00000000eaf80000)
  from space 1024K, 40% used [0x00000000eb080000,0x00000000eb0e6900,0x00000000eb180000)
  to   space 1024K, 0% used [0x00000000eaf80000,0x00000000eaf80000,0x00000000eb080000)
 ParOldGen       total 446464K, used 446322K [0x00000000c0000000, 0x00000000db400000, 0x00000000eab00000)
  object space 446464K, 99% used [0x00000000c0000000,0x00000000db3dca38,0x00000000db400000)
 Metaspace       used 89173K, committed 91072K, reserved 1179648K
  class space    used 8727K, committed 9664K, reserved 1048576K
}
Event: 948.263 GC heap after
{Heap after GC invocations=2715 (full 8):
 PSYoungGen      total 5632K, used 506K [0x00000000eab00000, 0x00000000eb180000, 0x0000000100000000)
  eden space 4608K, 0% used [0x00000000eab00000,0x00000000eab00000,0x00000000eaf80000)
  from space 1024K, 49% used [0x00000000eaf80000,0x00000000eaffe900,0x00000000eb080000)
  to   space 1024K, 0% used [0x00000000eb080000,0x00000000eb080000,0x00000000eb180000)
 ParOldGen       total 446464K, used 446394K [0x00000000c0000000, 0x00000000db400000, 0x00000000eab00000)
  object space 446464K, 99% used [0x00000000c0000000,0x00000000db3eea38,0x00000000db400000)
 Metaspace       used 89173K, committed 91072K, reserved 1179648K
  class space    used 8727K, committed 9664K, reserved 1048576K
}
Event: 948.285 GC heap before
{Heap before GC invocations=2716 (full 8):
 PSYoungGen      total 5632K, used 5114K [0x00000000eab00000, 0x00000000eb180000, 0x0000000100000000)
  eden space 4608K, 100% used [0x00000000eab00000,0x00000000eaf80000,0x00000000eaf80000)
  from space 1024K, 49% used [0x00000000eaf80000,0x00000000eaffe900,0x00000000eb080000)
  to   space 1024K, 0% used [0x00000000eb080000,0x00000000eb080000,0x00000000eb180000)
 ParOldGen       total 446464K, used 446394K [0x00000000c0000000, 0x00000000db400000, 0x00000000eab00000)
  object space 446464K, 99% used [0x00000000c0000000,0x00000000db3eea38,0x00000000db400000)
 Metaspace       used 89173K, committed 91072K, reserved 1179648K
  class space    used 8727K, committed 9664K, reserved 1048576K
}
Event: 948.287 GC heap after
{Heap after GC invocations=2716 (full 8):
 PSYoungGen      total 5632K, used 538K [0x00000000eab00000, 0x00000000eb180000, 0x0000000100000000)
  eden space 4608K, 0% used [0x00000000eab00000,0x00000000eab00000,0x00000000eaf80000)
  from space 1024K, 52% used [0x00000000eb080000,0x00000000eb106900,0x00000000eb180000)
  to   space 1024K, 0% used [0x00000000eaf80000,0x00000000eaf80000,0x00000000eb080000)
 ParOldGen       total 446976K, used 446506K [0x00000000c0000000, 0x00000000db480000, 0x00000000eab00000)
  object space 446976K, 99% used [0x00000000c0000000,0x00000000db40aa48,0x00000000db480000)
 Metaspace       used 89173K, committed 91072K, reserved 1179648K
  class space    used 8727K, committed 9664K, reserved 1048576K
}
Event: 948.321 GC heap before
{Heap before GC invocations=2717 (full 8):
 PSYoungGen      total 5632K, used 5146K [0x00000000eab00000, 0x00000000eb180000, 0x0000000100000000)
  eden space 4608K, 100% used [0x00000000eab00000,0x00000000eaf80000,0x00000000eaf80000)
  from space 1024K, 52% used [0x00000000eb080000,0x00000000eb106900,0x00000000eb180000)
  to   space 1024K, 0% used [0x00000000eaf80000,0x00000000eaf80000,0x00000000eb080000)
 ParOldGen       total 446976K, used 446506K [0x00000000c0000000, 0x00000000db480000, 0x00000000eab00000)
  object space 446976K, 99% used [0x00000000c0000000,0x00000000db40aa48,0x00000000db480000)
 Metaspace       used 89175K, committed 91072K, reserved 1179648K
  class space    used 8727K, committed 9664K, reserved 1048576K
}
Event: 948.324 GC heap after
{Heap after GC invocations=2717 (full 8):
 PSYoungGen      total 5632K, used 416K [0x00000000eab00000, 0x00000000eb100000, 0x0000000100000000)
  eden space 4608K, 0% used [0x00000000eab00000,0x00000000eab00000,0x00000000eaf80000)
  from space 1024K, 40% used [0x00000000eaf80000,0x00000000eafe8000,0x00000000eb080000)
  to   space 512K, 0% used [0x00000000eb080000,0x00000000eb080000,0x00000000eb100000)
 ParOldGen       total 446976K, used 446606K [0x00000000c0000000, 0x00000000db480000, 0x00000000eab00000)
  object space 446976K, 99% used [0x00000000c0000000,0x00000000db423808,0x00000000db480000)
 Metaspace       used 89175K, committed 91072K, reserved 1179648K
  class space    used 8727K, committed 9664K, reserved 1048576K
}
Event: 948.332 GC heap before
{Heap before GC invocations=2718 (full 8):
 PSYoungGen      total 5632K, used 5024K [0x00000000eab00000, 0x00000000eb100000, 0x0000000100000000)
  eden space 4608K, 100% used [0x00000000eab00000,0x00000000eaf80000,0x00000000eaf80000)
  from space 1024K, 40% used [0x00000000eaf80000,0x00000000eafe8000,0x00000000eb080000)
  to   space 512K, 0% used [0x00000000eb080000,0x00000000eb080000,0x00000000eb100000)
 ParOldGen       total 446976K, used 446606K [0x00000000c0000000, 0x00000000db480000, 0x00000000eab00000)
  object space 446976K, 99% used [0x00000000c0000000,0x00000000db423808,0x00000000db480000)
 Metaspace       used 89179K, committed 91072K, reserved 1179648K
  class space    used 8727K, committed 9664K, reserved 1048576K
}
Event: 948.334 GC heap after
{Heap after GC invocations=2718 (full 8):
 PSYoungGen      total 5120K, used 512K [0x00000000eab00000, 0x00000000eb180000, 0x0000000100000000)
  eden space 4608K, 0% used [0x00000000eab00000,0x00000000eab00000,0x00000000eaf80000)
  from space 512K, 100% used [0x00000000eb080000,0x00000000eb100000,0x00000000eb100000)
  to   space 1024K, 0% used [0x00000000eaf80000,0x00000000eaf80000,0x00000000eb080000)
 ParOldGen       total 446976K, used 446786K [0x00000000c0000000, 0x00000000db480000, 0x00000000eab00000)
  object space 446976K, 99% used [0x00000000c0000000,0x00000000db450a18,0x00000000db480000)
 Metaspace       used 89179K, committed 91072K, reserved 1179648K
  class space    used 8727K, committed 9664K, reserved 1048576K
}
Event: 948.376 GC heap before
{Heap before GC invocations=2719 (full 8):
 PSYoungGen      total 5120K, used 5120K [0x00000000eab00000, 0x00000000eb180000, 0x0000000100000000)
  eden space 4608K, 100% used [0x00000000eab00000,0x00000000eaf80000,0x00000000eaf80000)
  from space 512K, 100% used [0x00000000eb080000,0x00000000eb100000,0x00000000eb100000)
  to   space 1024K, 0% used [0x00000000eaf80000,0x00000000eaf80000,0x00000000eb080000)
 ParOldGen       total 446976K, used 446786K [0x00000000c0000000, 0x00000000db480000, 0x00000000eab00000)
  object space 446976K, 99% used [0x00000000c0000000,0x00000000db450a18,0x00000000db480000)
 Metaspace       used 89180K, committed 91072K, reserved 1179648K
  class space    used 8727K, committed 9664K, reserved 1048576K
}
Event: 948.379 GC heap after
{Heap after GC invocations=2719 (full 8):
 PSYoungGen      total 5632K, used 692K [0x00000000eab00000, 0x00000000eb180000, 0x0000000100000000)
  eden space 4608K, 0% used [0x00000000eab00000,0x00000000eab00000,0x00000000eaf80000)
  from space 1024K, 67% used [0x00000000eaf80000,0x00000000eb02d200,0x00000000eb080000)
  to   space 1024K, 0% used [0x00000000eb080000,0x00000000eb080000,0x00000000eb180000)
 ParOldGen       total 447488K, used 447194K [0x00000000c0000000, 0x00000000db500000, 0x00000000eab00000)
  object space 447488K, 99% used [0x00000000c0000000,0x00000000db4b6a48,0x00000000db500000)
 Metaspace       used 89180K, committed 91072K, reserved 1179648K
  class space    used 8727K, committed 9664K, reserved 1048576K
}
Event: 948.403 GC heap before
{Heap before GC invocations=2720 (full 8):
 PSYoungGen      total 5632K, used 5300K [0x00000000eab00000, 0x00000000eb180000, 0x0000000100000000)
  eden space 4608K, 100% used [0x00000000eab00000,0x00000000eaf80000,0x00000000eaf80000)
  from space 1024K, 67% used [0x00000000eaf80000,0x00000000eb02d200,0x00000000eb080000)
  to   space 1024K, 0% used [0x00000000eb080000,0x00000000eb080000,0x00000000eb180000)
 ParOldGen       total 447488K, used 447194K [0x00000000c0000000, 0x00000000db500000, 0x00000000eab00000)
  object space 447488K, 99% used [0x00000000c0000000,0x00000000db4b6a48,0x00000000db500000)
 Metaspace       used 89180K, committed 91072K, reserved 1179648K
  class space    used 8727K, committed 9664K, reserved 1048576K
}
Event: 948.407 GC heap after
{Heap after GC invocations=2720 (full 8):
 PSYoungGen      total 5632K, used 592K [0x00000000eab00000, 0x00000000eb180000, 0x0000000100000000)
  eden space 4608K, 0% used [0x00000000eab00000,0x00000000eab00000,0x00000000eaf80000)
  from space 1024K, 57% used [0x00000000eb080000,0x00000000eb114010,0x00000000eb180000)
  to   space 1024K, 0% used [0x00000000eaf80000,0x00000000eaf80000,0x00000000eb080000)
 ParOldGen       total 448000K, used 447699K [0x00000000c0000000, 0x00000000db580000, 0x00000000eab00000)
  object space 448000K, 99% used [0x00000000c0000000,0x00000000db534ec8,0x00000000db580000)
 Metaspace       used 89180K, committed 91072K, reserved 1179648K
  class space    used 8727K, committed 9664K, reserved 1048576K
}

