# JRE version: Java(TM) SE Runtime Environment (17.0.10+11) (build 17.0.10+11-LTS-240)
# Java VM: Java HotSpot(TM) 64-Bit Server VM (17.0.10+11-LTS-240, mixed mode, sharing, tiered, compressed oops, compressed class ptrs, g1 gc, windows-amd64)
GC Precious Log:
 CPUs: 16 total, 16 available
 Memory: 5966M
 Large Page Support: Disabled
 NUMA Support: Disabled
 Compressed Oops: Enabled (32-bit)
 Heap Region Size: 1M
 Heap Min Capacity: 8M
 Heap Initial Capacity: 94M
 Heap Max Capacity: 1492M
 Pre-touch: Disabled
 Parallel Workers: 13
 Concurrent Workers: 3
 Concurrent Refinement Workers: 13
 Periodic GC: Disabled
Heap:
 garbage-first heap   total 204800K, used 71027K [0x00000000a2c00000, 0x0000000100000000)
  region size 1024K, 15 young (15360K), 7 survivors (7168K)
 Metaspace       used 98538K, committed 99456K, reserved 1179648K
  class space    used 13249K, committed 13696K, reserved 1048576K
GC Heap History (20 events):
Event: 301.719 GC heap before
{Heap before GC invocations=55 (full 2):
 garbage-first heap   total 143360K, used 117853K [0x00000000a2c00000, 0x0000000100000000)
  region size 1024K, 69 young (70656K), 0 survivors (0K)
 Metaspace       used 95340K, committed 96128K, reserved 1179648K
  class space    used 13034K, committed 13440K, reserved 1048576K
}
Event: 301.743 GC heap after
{Heap after GC invocations=56 (full 2):
 garbage-first heap   total 143360K, used 53011K [0x00000000a2c00000, 0x0000000100000000)
  region size 1024K, 6 young (6144K), 6 survivors (6144K)
 Metaspace       used 95340K, committed 96128K, reserved 1179648K
  class space    used 13034K, committed 13440K, reserved 1048576K
}
Event: 303.092 GC heap before
{Heap before GC invocations=57 (full 2):
 garbage-first heap   total 143360K, used 116499K [0x00000000a2c00000, 0x0000000100000000)
  region size 1024K, 68 young (69632K), 6 survivors (6144K)
 Metaspace       used 95835K, committed 96704K, reserved 1179648K
  class space    used 13060K, committed 13504K, reserved 1048576K
}
Event: 303.131 GC heap after
{Heap after GC invocations=58 (full 2):
 garbage-first heap   total 172032K, used 55571K [0x00000000a2c00000, 0x0000000100000000)
  region size 1024K, 3 young (3072K), 3 survivors (3072K)
 Metaspace       used 95835K, committed 96704K, reserved 1179648K
  class space    used 13060K, committed 13504K, reserved 1048576K
}
Event: 304.191 GC heap before
{Heap before GC invocations=58 (full 2):
 garbage-first heap   total 172032K, used 137491K [0x00000000a2c00000, 0x0000000100000000)
  region size 1024K, 83 young (84992K), 3 survivors (3072K)
 Metaspace       used 96581K, committed 97472K, reserved 1179648K
  class space    used 13108K, committed 13568K, reserved 1048576K
}
Event: 304.206 GC heap after
{Heap after GC invocations=59 (full 2):
 garbage-first heap   total 172032K, used 58518K [0x00000000a2c00000, 0x0000000100000000)
  region size 1024K, 6 young (6144K), 6 survivors (6144K)
 Metaspace       used 96581K, committed 97472K, reserved 1179648K
  class space    used 13108K, committed 13568K, reserved 1048576K
}
Event: 304.970 GC heap before
{Heap before GC invocations=60 (full 2):
 garbage-first heap   total 172032K, used 138390K [0x00000000a2c00000, 0x0000000100000000)
  region size 1024K, 84 young (86016K), 6 survivors (6144K)
 Metaspace       used 96657K, committed 97600K, reserved 1179648K
  class space    used 13113K, committed 13568K, reserved 1048576K
}
Event: 304.978 GC heap after
{Heap after GC invocations=61 (full 2):
 garbage-first heap   total 172032K, used 60585K [0x00000000a2c00000, 0x0000000100000000)
  region size 1024K, 8 young (8192K), 8 survivors (8192K)
 Metaspace       used 96657K, committed 97600K, reserved 1179648K
  class space    used 13113K, committed 13568K, reserved 1048576K
}
Event: 306.827 GC heap before
{Heap before GC invocations=61 (full 2):
 garbage-first heap   total 172032K, used 97449K [0x00000000a2c00000, 0x0000000100000000)
  region size 1024K, 45 young (46080K), 8 survivors (8192K)
 Metaspace       used 96703K, committed 97600K, reserved 1179648K
  class space    used 13114K, committed 13568K, reserved 1048576K
}
Event: 307.021 GC heap after
{Heap after GC invocations=62 (full 3):
 garbage-first heap   total 172032K, used 52113K [0x00000000a2c00000, 0x0000000100000000)
  region size 1024K, 0 young (0K), 0 survivors (0K)
 Metaspace       used 96697K, committed 97600K, reserved 1179648K
  class space    used 13113K, committed 13568K, reserved 1048576K
}
Event: 308.075 GC heap before
{Heap before GC invocations=62 (full 3):
 garbage-first heap   total 172032K, used 136081K [0x00000000a2c00000, 0x0000000100000000)
  region size 1024K, 83 young (84992K), 0 survivors (0K)
 Metaspace       used 97086K, committed 97920K, reserved 1179648K
  class space    used 13149K, committed 13568K, reserved 1048576K
}
Event: 308.082 GC heap after
{Heap after GC invocations=63 (full 3):
 garbage-first heap   total 172032K, used 58449K [0x00000000a2c00000, 0x0000000100000000)
  region size 1024K, 7 young (7168K), 7 survivors (7168K)
 Metaspace       used 97086K, committed 97920K, reserved 1179648K
  class space    used 13149K, committed 13568K, reserved 1048576K
}
Event: 309.336 GC heap before
{Heap before GC invocations=64 (full 3):
 garbage-first heap   total 172032K, used 136273K [0x00000000a2c00000, 0x0000000100000000)
  region size 1024K, 83 young (84992K), 7 survivors (7168K)
 Metaspace       used 97687K, committed 98560K, reserved 1179648K
  class space    used 13180K, committed 13632K, reserved 1048576K
}
Event: 309.425 GC heap after
{Heap after GC invocations=65 (full 3):
 garbage-first heap   total 172032K, used 61753K [0x00000000a2c00000, 0x0000000100000000)
  region size 1024K, 5 young (5120K), 5 survivors (5120K)
 Metaspace       used 97687K, committed 98560K, reserved 1179648K
  class space    used 13180K, committed 13632K, reserved 1048576K
}
Event: 310.091 GC heap before
{Heap before GC invocations=65 (full 3):
 garbage-first heap   total 172032K, used 136505K [0x00000000a2c00000, 0x0000000100000000)
  region size 1024K, 78 young (79872K), 5 survivors (5120K)
 Metaspace       used 98129K, committed 98944K, reserved 1179648K
  class space    used 13213K, committed 13632K, reserved 1048576K
}
Event: 310.102 GC heap after
{Heap after GC invocations=66 (full 3):
 garbage-first heap   total 256000K, used 63661K [0x00000000a2c00000, 0x0000000100000000)
  region size 1024K, 6 young (6144K), 6 survivors (6144K)
 Metaspace       used 98129K, committed 98944K, reserved 1179648K
  class space    used 13213K, committed 13632K, reserved 1048576K
}
Event: 314.732 GC heap before
{Heap before GC invocations=67 (full 3):
 garbage-first heap   total 239616K, used 159917K [0x00000000a2c00000, 0x0000000100000000)
  region size 1024K, 101 young (103424K), 6 survivors (6144K)
 Metaspace       used 98193K, committed 99136K, reserved 1179648K
  class space    used 13219K, committed 13696K, reserved 1048576K
}
Event: 314.861 GC heap after
{Heap after GC invocations=68 (full 4):
 garbage-first heap   total 204800K, used 57178K [0x00000000a2c00000, 0x0000000100000000)
  region size 1024K, 0 young (0K), 0 survivors (0K)
 Metaspace       used 98186K, committed 99136K, reserved 1179648K
  class space    used 13218K, committed 13696K, reserved 1048576K
}
Event: 317.199 GC heap before
{Heap before GC invocations=68 (full 4):
 garbage-first heap   total 204800K, used 160602K [0x00000000a2c00000, 0x0000000100000000)
  region size 1024K, 101 young (103424K), 0 survivors (0K)
 Metaspace       used 98527K, committed 99456K, reserved 1179648K
  class space    used 13249K, committed 13696K, reserved 1048576K
}
Event: 317.215 GC heap after
{Heap after GC invocations=69 (full 4):
 garbage-first heap   total 204800K, used 63859K [0x00000000a2c00000, 0x0000000100000000)
  region size 1024K, 7 young (7168K), 7 survivors (7168K)
 Metaspace       used 98527K, committed 99456K, reserved 1179648K
  class space    used 13249K, committed 13696K, reserved 1048576K
}

