# JRE version: Java(TM) SE Runtime Environment (17.0.10+11) (build 17.0.10+11-LTS-240)
# Java VM: Java HotSpot(TM) 64-Bit Server VM (17.0.10+11-LTS-240, mixed mode, sharing, tiered, compressed oops, compressed class ptrs, g1 gc, windows-amd64)
GC Precious Log:
 CPUs: 16 total, 16 available
 Memory: 5966M
 Large Page Support: Disabled
 NUMA Support: Disabled
 Compressed Oops: Enabled (32-bit)
 Heap Region Size: 1M
 Heap Min Capacity: 8M
 Heap Initial Capacity: 94M
 Heap Max Capacity: 1492M
 Pre-touch: Disabled
 Parallel Workers: 13
 Concurrent Workers: 3
 Concurrent Refinement Workers: 13
 Periodic GC: Disabled
Heap:
 garbage-first heap   total 119808K, used 51000K [0x00000000a2c00000, 0x0000000100000000)
  region size 1024K, 13 young (13312K), 3 survivors (3072K)
 Metaspace       used 81944K, committed 82560K, reserved 1179648K
  class space    used 11348K, committed 11648K, reserved 1048576K
GC Heap History (20 events):
Event: 12.148 GC heap before
{Heap before GC invocations=19 (full 0):
 garbage-first heap   total 66560K, used 51345K [0x00000000a2c00000, 0x0000000100000000)
  region size 1024K, 20 young (20480K), 2 survivors (2048K)
 Metaspace       used 64055K, committed 64576K, reserved 1114112K
  class space    used 8554K, committed 8768K, reserved 1048576K
}
Event: 12.152 GC heap after
{Heap after GC invocations=20 (full 0):
 garbage-first heap   total 66560K, used 34365K [0x00000000a2c00000, 0x0000000100000000)
  region size 1024K, 2 young (2048K), 2 survivors (2048K)
 Metaspace       used 64055K, committed 64576K, reserved 1114112K
  class space    used 8554K, committed 8768K, reserved 1048576K
}
Event: 12.603 GC heap before
{Heap before GC invocations=20 (full 0):
 garbage-first heap   total 66560K, used 53821K [0x00000000a2c00000, 0x0000000100000000)
  region size 1024K, 21 young (21504K), 2 survivors (2048K)
 Metaspace       used 67753K, committed 68416K, reserved 1114112K
  class space    used 9139K, committed 9472K, reserved 1048576K
}
Event: 12.607 GC heap after
{Heap after GC invocations=21 (full 0):
 garbage-first heap   total 66560K, used 35112K [0x00000000a2c00000, 0x0000000100000000)
  region size 1024K, 2 young (2048K), 2 survivors (2048K)
 Metaspace       used 67753K, committed 68416K, reserved 1114112K
  class space    used 9139K, committed 9472K, reserved 1048576K
}
Event: 13.163 GC heap before
{Heap before GC invocations=22 (full 0):
 garbage-first heap   total 66560K, used 53544K [0x00000000a2c00000, 0x0000000100000000)
  region size 1024K, 20 young (20480K), 2 survivors (2048K)
 Metaspace       used 71657K, committed 72256K, reserved 1114112K
  class space    used 9727K, committed 10048K, reserved 1048576K
}
Event: 13.167 GC heap after
{Heap after GC invocations=23 (full 0):
 garbage-first heap   total 66560K, used 36052K [0x00000000a2c00000, 0x0000000100000000)
  region size 1024K, 3 young (3072K), 3 survivors (3072K)
 Metaspace       used 71657K, committed 72256K, reserved 1114112K
  class space    used 9727K, committed 10048K, reserved 1048576K
}
Event: 13.436 GC heap before
{Heap before GC invocations=23 (full 0):
 garbage-first heap   total 66560K, used 52436K [0x00000000a2c00000, 0x0000000100000000)
  region size 1024K, 20 young (20480K), 3 survivors (3072K)
 Metaspace       used 72203K, committed 72832K, reserved 1114112K
  class space    used 9794K, committed 10112K, reserved 1048576K
}
Event: 13.443 GC heap after
{Heap after GC invocations=24 (full 0):
 garbage-first heap   total 66560K, used 37418K [0x00000000a2c00000, 0x0000000100000000)
  region size 1024K, 3 young (3072K), 3 survivors (3072K)
 Metaspace       used 72203K, committed 72832K, reserved 1114112K
  class space    used 9794K, committed 10112K, reserved 1048576K
}
Event: 13.764 GC heap before
{Heap before GC invocations=25 (full 0):
 garbage-first heap   total 68608K, used 52778K [0x00000000a2c00000, 0x0000000100000000)
  region size 1024K, 19 young (19456K), 3 survivors (3072K)
 Metaspace       used 74215K, committed 74880K, reserved 1114112K
  class space    used 10021K, committed 10368K, reserved 1048576K
}
Event: 13.769 GC heap after
{Heap after GC invocations=26 (full 0):
 garbage-first heap   total 68608K, used 38491K [0x00000000a2c00000, 0x0000000100000000)
  region size 1024K, 3 young (3072K), 3 survivors (3072K)
 Metaspace       used 74215K, committed 74880K, reserved 1114112K
  class space    used 10021K, committed 10368K, reserved 1048576K
}
Event: 13.803 GC heap before
{Heap before GC invocations=26 (full 0):
 garbage-first heap   total 68608K, used 39515K [0x00000000a2c00000, 0x0000000100000000)
  region size 1024K, 4 young (4096K), 3 survivors (3072K)
 Metaspace       used 74280K, committed 74944K, reserved 1114112K
  class space    used 10032K, committed 10368K, reserved 1048576K
}
Event: 13.807 GC heap after
{Heap after GC invocations=27 (full 0):
 garbage-first heap   total 68608K, used 38791K [0x00000000a2c00000, 0x0000000100000000)
  region size 1024K, 1 young (1024K), 1 survivors (1024K)
 Metaspace       used 74280K, committed 74944K, reserved 1114112K
  class space    used 10032K, committed 10368K, reserved 1048576K
}
Event: 14.370 GC heap before
{Heap before GC invocations=27 (full 0):
 garbage-first heap   total 68608K, used 55175K [0x00000000a2c00000, 0x0000000100000000)
  region size 1024K, 18 young (18432K), 1 survivors (1024K)
 Metaspace       used 77047K, committed 77696K, reserved 1179648K
  class space    used 10545K, committed 10880K, reserved 1048576K
}
Event: 14.375 GC heap after
{Heap after GC invocations=28 (full 0):
 garbage-first heap   total 68608K, used 40040K [0x00000000a2c00000, 0x0000000100000000)
  region size 1024K, 2 young (2048K), 2 survivors (2048K)
 Metaspace       used 77047K, committed 77696K, reserved 1179648K
  class space    used 10545K, committed 10880K, reserved 1048576K
}
Event: 14.479 GC heap before
{Heap before GC invocations=29 (full 0):
 garbage-first heap   total 81920K, used 56424K [0x00000000a2c00000, 0x0000000100000000)
  region size 1024K, 18 young (18432K), 2 survivors (2048K)
 Metaspace       used 77082K, committed 77696K, reserved 1179648K
  class space    used 10550K, committed 10880K, reserved 1048576K
}
Event: 14.482 GC heap after
{Heap after GC invocations=30 (full 0):
 garbage-first heap   total 81920K, used 40946K [0x00000000a2c00000, 0x0000000100000000)
  region size 1024K, 1 young (1024K), 1 survivors (1024K)
 Metaspace       used 77082K, committed 77696K, reserved 1179648K
  class space    used 10550K, committed 10880K, reserved 1048576K
}
Event: 14.525 GC heap before
{Heap before GC invocations=30 (full 0):
 garbage-first heap   total 81920K, used 42994K [0x00000000a2c00000, 0x0000000100000000)
  region size 1024K, 4 young (4096K), 1 survivors (1024K)
 Metaspace       used 77478K, committed 78080K, reserved 1179648K
  class space    used 10597K, committed 10880K, reserved 1048576K
}
Event: 14.527 GC heap after
{Heap after GC invocations=31 (full 0):
 garbage-first heap   total 119808K, used 39881K [0x00000000a2c00000, 0x0000000100000000)
  region size 1024K, 1 young (1024K), 1 survivors (1024K)
 Metaspace       used 77478K, committed 78080K, reserved 1179648K
  class space    used 10597K, committed 10880K, reserved 1048576K
}
Event: 15.313 GC heap before
{Heap before GC invocations=31 (full 0):
 garbage-first heap   total 119808K, used 94153K [0x00000000a2c00000, 0x0000000100000000)
  region size 1024K, 55 young (56320K), 1 survivors (1024K)
 Metaspace       used 81527K, committed 82176K, reserved 1179648K
  class space    used 11291K, committed 11584K, reserved 1048576K
}
Event: 15.318 GC heap after
{Heap after GC invocations=32 (full 0):
 garbage-first heap   total 119808K, used 41784K [0x00000000a2c00000, 0x0000000100000000)
  region size 1024K, 3 young (3072K), 3 survivors (3072K)
 Metaspace       used 81527K, committed 82176K, reserved 1179648K
  class space    used 11291K, committed 11584K, reserved 1048576K
}

