# JRE version: OpenJDK Runtime Environment Temurin-21.0.5+11 (21.0.5+11) (build 21.0.5+11-LTS)
# Java VM: OpenJDK 64-Bit Server VM Temurin-21.0.5+11 (21.0.5+11-LTS, mixed mode, sharing, tiered, compressed oops, compressed class ptrs, parallel gc, windows-amd64)
GC Precious Log:
 CardTable entry size: 512
 CPUs: 16 total, 16 available
 Memory: 5966M
 Large Page Support: Disabled
 NUMA Support: Disabled
 Compressed Oops: Enabled (32-bit)
 Alignments: Space 512K, Generation 512K, Heap 2M
 Heap Min Capacity: 100M
 Heap Initial Capacity: 100M
 Heap Max Capacity: 1G
 Pre-touch: Disabled
 Parallel Workers: 13
Heap:
 PSYoungGen      total 17408K, used 7085K [0x00000000eab00000, 0x00000000ebf80000, 0x0000000100000000)
  eden space 15872K, 35% used [0x00000000eab00000,0x00000000eb072f00,0x00000000eba80000)
  from space 1536K, 97% used [0x00000000ebb00000,0x00000000ebc78518,0x00000000ebc80000)
  to   space 2560K, 0% used [0x00000000ebd00000,0x00000000ebd00000,0x00000000ebf80000)
 ParOldGen       total 571392K, used 571088K [0x00000000c0000000, 0x00000000e2e00000, 0x00000000eab00000)
  object space 571392K, 99% used [0x00000000c0000000,0x00000000e2db40a8,0x00000000e2e00000)
 Metaspace       used 72662K, committed 74240K, reserved 1179648K
  class space    used 7269K, committed 8000K, reserved 1048576K
GC Heap History (20 events):
Event: 39.914 GC heap before
{Heap before GC invocations=603 (full 3):
 PSYoungGen      total 17920K, used 16523K [0x00000000eab00000, 0x00000000ebe80000, 0x0000000100000000)
  eden space 15872K, 100% used [0x00000000eab00000,0x00000000eba80000,0x00000000eba80000)
  from space 2048K, 31% used [0x00000000ebb80000,0x00000000ebc22eb8,0x00000000ebd80000)
  to   space 1024K, 0% used [0x00000000ebd80000,0x00000000ebd80000,0x00000000ebe80000)
 ParOldGen       total 561664K, used 561258K [0x00000000c0000000, 0x00000000e2480000, 0x00000000eab00000)
  object space 561664K, 99% used [0x00000000c0000000,0x00000000e241aa48,0x00000000e2480000)
 Metaspace       used 72537K, committed 74048K, reserved 1179648K
  class space    used 7265K, committed 7936K, reserved 1048576K
}
Event: 39.919 GC heap after
{Heap after GC invocations=603 (full 3):
 PSYoungGen      total 16896K, used 768K [0x00000000eab00000, 0x00000000ebe80000, 0x0000000100000000)
  eden space 15872K, 0% used [0x00000000eab00000,0x00000000eab00000,0x00000000eba80000)
  from space 1024K, 75% used [0x00000000ebd80000,0x00000000ebe40000,0x00000000ebe80000)
  to   space 1024K, 0% used [0x00000000ebc80000,0x00000000ebc80000,0x00000000ebd80000)
 ParOldGen       total 561664K, used 561458K [0x00000000c0000000, 0x00000000e2480000, 0x00000000eab00000)
  object space 561664K, 99% used [0x00000000c0000000,0x00000000e244ca48,0x00000000e2480000)
 Metaspace       used 72537K, committed 74048K, reserved 1179648K
  class space    used 7265K, committed 7936K, reserved 1048576K
}
Event: 40.960 GC heap before
{Heap before GC invocations=604 (full 3):
 PSYoungGen      total 16896K, used 16640K [0x00000000eab00000, 0x00000000ebe80000, 0x0000000100000000)
  eden space 15872K, 100% used [0x00000000eab00000,0x00000000eba80000,0x00000000eba80000)
  from space 1024K, 75% used [0x00000000ebd80000,0x00000000ebe40000,0x00000000ebe80000)
  to   space 1024K, 0% used [0x00000000ebc80000,0x00000000ebc80000,0x00000000ebd80000)
 ParOldGen       total 561664K, used 561458K [0x00000000c0000000, 0x00000000e2480000, 0x00000000eab00000)
  object space 561664K, 99% used [0x00000000c0000000,0x00000000e244ca48,0x00000000e2480000)
 Metaspace       used 72645K, committed 74176K, reserved 1179648K
  class space    used 7268K, committed 8000K, reserved 1048576K
}
Event: 40.975 GC heap after
{Heap after GC invocations=604 (full 3):
 PSYoungGen      total 16896K, used 1018K [0x00000000eab00000, 0x00000000ebe80000, 0x0000000100000000)
  eden space 15872K, 0% used [0x00000000eab00000,0x00000000eab00000,0x00000000eba80000)
  from space 1024K, 99% used [0x00000000ebc80000,0x00000000ebd7eb70,0x00000000ebd80000)
  to   space 1024K, 0% used [0x00000000ebd80000,0x00000000ebd80000,0x00000000ebe80000)
 ParOldGen       total 562176K, used 562010K [0x00000000c0000000, 0x00000000e2500000, 0x00000000eab00000)
  object space 562176K, 99% used [0x00000000c0000000,0x00000000e24d6a48,0x00000000e2500000)
 Metaspace       used 72645K, committed 74176K, reserved 1179648K
  class space    used 7268K, committed 8000K, reserved 1048576K
}
Event: 44.521 GC heap before
{Heap before GC invocations=605 (full 3):
 PSYoungGen      total 16896K, used 16890K [0x00000000eab00000, 0x00000000ebe80000, 0x0000000100000000)
  eden space 15872K, 100% used [0x00000000eab00000,0x00000000eba80000,0x00000000eba80000)
  from space 1024K, 99% used [0x00000000ebc80000,0x00000000ebd7eb70,0x00000000ebd80000)
  to   space 1024K, 0% used [0x00000000ebd80000,0x00000000ebd80000,0x00000000ebe80000)
 ParOldGen       total 562176K, used 562010K [0x00000000c0000000, 0x00000000e2500000, 0x00000000eab00000)
  object space 562176K, 99% used [0x00000000c0000000,0x00000000e24d6a48,0x00000000e2500000)
 Metaspace       used 72655K, committed 74240K, reserved 1179648K
  class space    used 7269K, committed 8000K, reserved 1048576K
}
Event: 44.534 GC heap after
{Heap after GC invocations=605 (full 3):
 PSYoungGen      total 16896K, used 886K [0x00000000eab00000, 0x00000000ebe80000, 0x0000000100000000)
  eden space 15872K, 0% used [0x00000000eab00000,0x00000000eab00000,0x00000000eba80000)
  from space 1024K, 86% used [0x00000000ebd80000,0x00000000ebe5d910,0x00000000ebe80000)
  to   space 1536K, 0% used [0x00000000ebb80000,0x00000000ebb80000,0x00000000ebd00000)
 ParOldGen       total 562688K, used 562401K [0x00000000c0000000, 0x00000000e2580000, 0x00000000eab00000)
  object space 562688K, 99% used [0x00000000c0000000,0x00000000e2538688,0x00000000e2580000)
 Metaspace       used 72655K, committed 74240K, reserved 1179648K
  class space    used 7269K, committed 8000K, reserved 1048576K
}
Event: 44.651 GC heap before
{Heap before GC invocations=606 (full 3):
 PSYoungGen      total 16896K, used 16758K [0x00000000eab00000, 0x00000000ebe80000, 0x0000000100000000)
  eden space 15872K, 100% used [0x00000000eab00000,0x00000000eba80000,0x00000000eba80000)
  from space 1024K, 86% used [0x00000000ebd80000,0x00000000ebe5d910,0x00000000ebe80000)
  to   space 1536K, 0% used [0x00000000ebb80000,0x00000000ebb80000,0x00000000ebd00000)
 ParOldGen       total 562688K, used 562401K [0x00000000c0000000, 0x00000000e2580000, 0x00000000eab00000)
  object space 562688K, 99% used [0x00000000c0000000,0x00000000e2538688,0x00000000e2580000)
 Metaspace       used 72655K, committed 74240K, reserved 1179648K
  class space    used 7269K, committed 8000K, reserved 1048576K
}
Event: 44.655 GC heap after
{Heap after GC invocations=606 (full 3):
 PSYoungGen      total 17408K, used 1526K [0x00000000eab00000, 0x00000000ec080000, 0x0000000100000000)
  eden space 15872K, 0% used [0x00000000eab00000,0x00000000eab00000,0x00000000eba80000)
  from space 1536K, 99% used [0x00000000ebb80000,0x00000000ebcfd808,0x00000000ebd00000)
  to   space 3072K, 0% used [0x00000000ebd80000,0x00000000ebd80000,0x00000000ec080000)
 ParOldGen       total 563712K, used 563373K [0x00000000c0000000, 0x00000000e2680000, 0x00000000eab00000)
  object space 563712K, 99% used [0x00000000c0000000,0x00000000e262b628,0x00000000e2680000)
 Metaspace       used 72655K, committed 74240K, reserved 1179648K
  class space    used 7269K, committed 8000K, reserved 1048576K
}
Event: 45.011 GC heap before
{Heap before GC invocations=607 (full 3):
 PSYoungGen      total 17408K, used 17398K [0x00000000eab00000, 0x00000000ec080000, 0x0000000100000000)
  eden space 15872K, 100% used [0x00000000eab00000,0x00000000eba80000,0x00000000eba80000)
  from space 1536K, 99% used [0x00000000ebb80000,0x00000000ebcfd808,0x00000000ebd00000)
  to   space 3072K, 0% used [0x00000000ebd80000,0x00000000ebd80000,0x00000000ec080000)
 ParOldGen       total 563712K, used 563373K [0x00000000c0000000, 0x00000000e2680000, 0x00000000eab00000)
  object space 563712K, 99% used [0x00000000c0000000,0x00000000e262b628,0x00000000e2680000)
 Metaspace       used 72656K, committed 74240K, reserved 1179648K
  class space    used 7269K, committed 8000K, reserved 1048576K
}
Event: 45.032 GC heap after
{Heap after GC invocations=607 (full 3):
 PSYoungGen      total 18432K, used 2095K [0x00000000eab00000, 0x00000000ec000000, 0x0000000100000000)
  eden space 15872K, 0% used [0x00000000eab00000,0x00000000eab00000,0x00000000eba80000)
  from space 2560K, 81% used [0x00000000ebd80000,0x00000000ebf8bf10,0x00000000ec000000)
  to   space 2560K, 0% used [0x00000000ebb00000,0x00000000ebb00000,0x00000000ebd80000)
 ParOldGen       total 565248K, used 564797K [0x00000000c0000000, 0x00000000e2800000, 0x00000000eab00000)
  object space 565248K, 99% used [0x00000000c0000000,0x00000000e278f628,0x00000000e2800000)
 Metaspace       used 72656K, committed 74240K, reserved 1179648K
  class space    used 7269K, committed 8000K, reserved 1048576K
}
Event: 45.217 GC heap before
{Heap before GC invocations=608 (full 3):
 PSYoungGen      total 18432K, used 17967K [0x00000000eab00000, 0x00000000ec000000, 0x0000000100000000)
  eden space 15872K, 99% used [0x00000000eab00000,0x00000000eba7fff0,0x00000000eba80000)
  from space 2560K, 81% used [0x00000000ebd80000,0x00000000ebf8bf10,0x00000000ec000000)
  to   space 2560K, 0% used [0x00000000ebb00000,0x00000000ebb00000,0x00000000ebd80000)
 ParOldGen       total 565248K, used 564797K [0x00000000c0000000, 0x00000000e2800000, 0x00000000eab00000)
  object space 565248K, 99% used [0x00000000c0000000,0x00000000e278f628,0x00000000e2800000)
 Metaspace       used 72656K, committed 74240K, reserved 1179648K
  class space    used 7269K, committed 8000K, reserved 1048576K
}
Event: 45.225 GC heap after
{Heap after GC invocations=608 (full 3):
 PSYoungGen      total 17920K, used 2028K [0x00000000eab00000, 0x00000000ebf80000, 0x0000000100000000)
  eden space 15872K, 0% used [0x00000000eab00000,0x00000000eab00000,0x00000000eba80000)
  from space 2048K, 99% used [0x00000000ebb00000,0x00000000ebcfb008,0x00000000ebd00000)
  to   space 2560K, 0% used [0x00000000ebd00000,0x00000000ebd00000,0x00000000ebf80000)
 ParOldGen       total 566784K, used 566565K [0x00000000c0000000, 0x00000000e2980000, 0x00000000eab00000)
  object space 566784K, 99% used [0x00000000c0000000,0x00000000e2949598,0x00000000e2980000)
 Metaspace       used 72656K, committed 74240K, reserved 1179648K
  class space    used 7269K, committed 8000K, reserved 1048576K
}
Event: 45.362 GC heap before
{Heap before GC invocations=609 (full 3):
 PSYoungGen      total 17920K, used 17900K [0x00000000eab00000, 0x00000000ebf80000, 0x0000000100000000)
  eden space 15872K, 100% used [0x00000000eab00000,0x00000000eba80000,0x00000000eba80000)
  from space 2048K, 99% used [0x00000000ebb00000,0x00000000ebcfb008,0x00000000ebd00000)
  to   space 2560K, 0% used [0x00000000ebd00000,0x00000000ebd00000,0x00000000ebf80000)
 ParOldGen       total 566784K, used 566565K [0x00000000c0000000, 0x00000000e2980000, 0x00000000eab00000)
  object space 566784K, 99% used [0x00000000c0000000,0x00000000e2949598,0x00000000e2980000)
 Metaspace       used 72656K, committed 74240K, reserved 1179648K
  class space    used 7269K, committed 8000K, reserved 1048576K
}
Event: 45.370 GC heap after
{Heap after GC invocations=609 (full 3):
 PSYoungGen      total 17920K, used 1952K [0x00000000eab00000, 0x00000000ebf00000, 0x0000000100000000)
  eden space 15872K, 0% used [0x00000000eab00000,0x00000000eab00000,0x00000000eba80000)
  from space 2048K, 95% used [0x00000000ebd00000,0x00000000ebee8000,0x00000000ebf00000)
  to   space 2048K, 0% used [0x00000000ebb00000,0x00000000ebb00000,0x00000000ebd00000)
 ParOldGen       total 568832K, used 568369K [0x00000000c0000000, 0x00000000e2b80000, 0x00000000eab00000)
  object space 568832K, 99% used [0x00000000c0000000,0x00000000e2b0c5a0,0x00000000e2b80000)
 Metaspace       used 72656K, committed 74240K, reserved 1179648K
  class space    used 7269K, committed 8000K, reserved 1048576K
}
Event: 47.603 GC heap before
{Heap before GC invocations=610 (full 3):
 PSYoungGen      total 17920K, used 17800K [0x00000000eab00000, 0x00000000ebf00000, 0x0000000100000000)
  eden space 15872K, 99% used [0x00000000eab00000,0x00000000eba7a090,0x00000000eba80000)
  from space 2048K, 95% used [0x00000000ebd00000,0x00000000ebee8000,0x00000000ebf00000)
  to   space 2048K, 0% used [0x00000000ebb00000,0x00000000ebb00000,0x00000000ebd00000)
 ParOldGen       total 568832K, used 568369K [0x00000000c0000000, 0x00000000e2b80000, 0x00000000eab00000)
  object space 568832K, 99% used [0x00000000c0000000,0x00000000e2b0c5a0,0x00000000e2b80000)
 Metaspace       used 72657K, committed 74240K, reserved 1179648K
  class space    used 7269K, committed 8000K, reserved 1048576K
}
Event: 47.615 GC heap after
{Heap after GC invocations=610 (full 3):
 PSYoungGen      total 17920K, used 1618K [0x00000000eab00000, 0x00000000ebe80000, 0x0000000100000000)
  eden space 15872K, 0% used [0x00000000eab00000,0x00000000eab00000,0x00000000eba80000)
  from space 2048K, 79% used [0x00000000ebb00000,0x00000000ebc94a58,0x00000000ebd00000)
  to   space 1536K, 0% used [0x00000000ebd00000,0x00000000ebd00000,0x00000000ebe80000)
 ParOldGen       total 570368K, used 570088K [0x00000000c0000000, 0x00000000e2d00000, 0x00000000eab00000)
  object space 570368K, 99% used [0x00000000c0000000,0x00000000e2cba0a8,0x00000000e2d00000)
 Metaspace       used 72657K, committed 74240K, reserved 1179648K
  class space    used 7269K, committed 8000K, reserved 1048576K
}
Event: 53.227 GC heap before
{Heap before GC invocations=611 (full 3):
 PSYoungGen      total 17920K, used 17490K [0x00000000eab00000, 0x00000000ebe80000, 0x0000000100000000)
  eden space 15872K, 100% used [0x00000000eab00000,0x00000000eba80000,0x00000000eba80000)
  from space 2048K, 79% used [0x00000000ebb00000,0x00000000ebc94a58,0x00000000ebd00000)
  to   space 1536K, 0% used [0x00000000ebd00000,0x00000000ebd00000,0x00000000ebe80000)
 ParOldGen       total 570368K, used 570088K [0x00000000c0000000, 0x00000000e2d00000, 0x00000000eab00000)
  object space 570368K, 99% used [0x00000000c0000000,0x00000000e2cba0a8,0x00000000e2d00000)
 Metaspace       used 72660K, committed 74240K, reserved 1179648K
  class space    used 7269K, committed 8000K, reserved 1048576K
}
Event: 53.249 GC heap after
{Heap after GC invocations=611 (full 3):
 PSYoungGen      total 16896K, used 704K [0x00000000eab00000, 0x00000000ebe00000, 0x0000000100000000)
  eden space 15872K, 0% used [0x00000000eab00000,0x00000000eab00000,0x00000000eba80000)
  from space 1024K, 68% used [0x00000000ebd00000,0x00000000ebdb0000,0x00000000ebe00000)
  to   space 1536K, 0% used [0x00000000ebb00000,0x00000000ebb00000,0x00000000ebc80000)
 ParOldGen       total 570880K, used 570592K [0x00000000c0000000, 0x00000000e2d80000, 0x00000000eab00000)
  object space 570880K, 99% used [0x00000000c0000000,0x00000000e2d380a8,0x00000000e2d80000)
 Metaspace       used 72660K, committed 74240K, reserved 1179648K
  class space    used 7269K, committed 8000K, reserved 1048576K
}
Event: 54.906 GC heap before
{Heap before GC invocations=612 (full 3):
 PSYoungGen      total 16896K, used 16576K [0x00000000eab00000, 0x00000000ebe00000, 0x0000000100000000)
  eden space 15872K, 100% used [0x00000000eab00000,0x00000000eba80000,0x00000000eba80000)
  from space 1024K, 68% used [0x00000000ebd00000,0x00000000ebdb0000,0x00000000ebe00000)
  to   space 1536K, 0% used [0x00000000ebb00000,0x00000000ebb00000,0x00000000ebc80000)
 ParOldGen       total 570880K, used 570592K [0x00000000c0000000, 0x00000000e2d80000, 0x00000000eab00000)
  object space 570880K, 99% used [0x00000000c0000000,0x00000000e2d380a8,0x00000000e2d80000)
 Metaspace       used 72660K, committed 74240K, reserved 1179648K
  class space    used 7269K, committed 8000K, reserved 1048576K
}
Event: 54.910 GC heap after
{Heap after GC invocations=612 (full 3):
 PSYoungGen      total 17408K, used 1505K [0x00000000eab00000, 0x00000000ebf80000, 0x0000000100000000)
  eden space 15872K, 0% used [0x00000000eab00000,0x00000000eab00000,0x00000000eba80000)
  from space 1536K, 97% used [0x00000000ebb00000,0x00000000ebc78518,0x00000000ebc80000)
  to   space 2560K, 0% used [0x00000000ebd00000,0x00000000ebd00000,0x00000000ebf80000)
 ParOldGen       total 571392K, used 571088K [0x00000000c0000000, 0x00000000e2e00000, 0x00000000eab00000)
  object space 571392K, 99% used [0x00000000c0000000,0x00000000e2db40a8,0x00000000e2e00000)
 Metaspace       used 72660K, committed 74240K, reserved 1179648K
  class space    used 7269K, committed 8000K, reserved 1048576K
}

