# JRE version: Java(TM) SE Runtime Environment (17.0.10+11) (build 17.0.10+11-LTS-240)
# Java VM: Java HotSpot(TM) 64-Bit Server VM (17.0.10+11-LTS-240, mixed mode, sharing, tiered, compressed oops, compressed class ptrs, g1 gc, windows-amd64)
GC Precious Log:
 CPUs: 16 total, 16 available
 Memory: 5966M
 Large Page Support: Disabled
 NUMA Support: Disabled
 Compressed Oops: Enabled (32-bit)
 Heap Region Size: 1M
 Heap Min Capacity: 8M
 Heap Initial Capacity: 94M
 Heap Max Capacity: 1492M
 Pre-touch: Disabled
 Parallel Workers: 13
 Concurrent Workers: 3
 Concurrent Refinement Workers: 13
 Periodic GC: Disabled
Heap:
 garbage-first heap   total 84992K, used 63188K [0x00000000a2c00000, 0x0000000100000000)
  region size 1024K, 28 young (28672K), 4 survivors (4096K)
 Metaspace       used 79809K, committed 80512K, reserved 1179648K
  class space    used 10822K, committed 11136K, reserved 1048576K
GC Heap History (20 events):
Event: 10.178 GC heap before
{Heap before GC invocations=15 (full 0):
 garbage-first heap   total 70656K, used 55500K [0x00000000a2c00000, 0x0000000100000000)
  region size 1024K, 31 young (31744K), 5 survivors (5120K)
 Metaspace       used 58158K, committed 58752K, reserved 1114112K
  class space    used 7531K, committed 7808K, reserved 1048576K
}
Event: 10.185 GC heap after
{Heap after GC invocations=16 (full 0):
 garbage-first heap   total 70656K, used 30320K [0x00000000a2c00000, 0x0000000100000000)
  region size 1024K, 2 young (2048K), 2 survivors (2048K)
 Metaspace       used 58158K, committed 58752K, reserved 1114112K
  class space    used 7531K, committed 7808K, reserved 1048576K
}
Event: 10.282 GC heap before
{Heap before GC invocations=16 (full 0):
 garbage-first heap   total 70656K, used 32368K [0x00000000a2c00000, 0x0000000100000000)
  region size 1024K, 6 young (6144K), 2 survivors (2048K)
 Metaspace       used 59520K, committed 60096K, reserved 1114112K
  class space    used 7690K, committed 8000K, reserved 1048576K
}
Event: 10.287 GC heap after
{Heap after GC invocations=17 (full 0):
 garbage-first heap   total 70656K, used 30229K [0x00000000a2c00000, 0x0000000100000000)
  region size 1024K, 2 young (2048K), 2 survivors (2048K)
 Metaspace       used 59520K, committed 60096K, reserved 1114112K
  class space    used 7690K, committed 8000K, reserved 1048576K
}
Event: 11.082 GC heap before
{Heap before GC invocations=18 (full 0):
 garbage-first heap   total 70656K, used 55829K [0x00000000a2c00000, 0x0000000100000000)
  region size 1024K, 28 young (28672K), 2 survivors (2048K)
 Metaspace       used 66675K, committed 67264K, reserved 1114112K
  class space    used 8970K, committed 9280K, reserved 1048576K
}
Event: 11.086 GC heap after
{Heap after GC invocations=19 (full 0):
 garbage-first heap   total 70656K, used 31187K [0x00000000a2c00000, 0x0000000100000000)
  region size 1024K, 3 young (3072K), 3 survivors (3072K)
 Metaspace       used 66675K, committed 67264K, reserved 1114112K
  class space    used 8970K, committed 9280K, reserved 1048576K
}
Event: 11.798 GC heap before
{Heap before GC invocations=19 (full 0):
 garbage-first heap   total 70656K, used 56787K [0x00000000a2c00000, 0x0000000100000000)
  region size 1024K, 29 young (29696K), 3 survivors (3072K)
 Metaspace       used 70078K, committed 70656K, reserved 1114112K
  class space    used 9392K, committed 9664K, reserved 1048576K
}
Event: 11.804 GC heap after
{Heap after GC invocations=20 (full 0):
 garbage-first heap   total 70656K, used 33167K [0x00000000a2c00000, 0x0000000100000000)
  region size 1024K, 4 young (4096K), 4 survivors (4096K)
 Metaspace       used 70078K, committed 70656K, reserved 1114112K
  class space    used 9392K, committed 9664K, reserved 1048576K
}
Event: 12.356 GC heap before
{Heap before GC invocations=20 (full 0):
 garbage-first heap   total 70656K, used 56719K [0x00000000a2c00000, 0x0000000100000000)
  region size 1024K, 27 young (27648K), 4 survivors (4096K)
 Metaspace       used 72100K, committed 72704K, reserved 1114112K
  class space    used 9696K, committed 9984K, reserved 1048576K
}
Event: 12.364 GC heap after
{Heap after GC invocations=21 (full 0):
 garbage-first heap   total 70656K, used 34515K [0x00000000a2c00000, 0x0000000100000000)
  region size 1024K, 4 young (4096K), 4 survivors (4096K)
 Metaspace       used 72100K, committed 72704K, reserved 1114112K
  class space    used 9696K, committed 9984K, reserved 1048576K
}
Event: 12.913 GC heap before
{Heap before GC invocations=21 (full 0):
 garbage-first heap   total 70656K, used 57043K [0x00000000a2c00000, 0x0000000100000000)
  region size 1024K, 26 young (26624K), 4 survivors (4096K)
 Metaspace       used 73676K, committed 74304K, reserved 1114112K
  class space    used 9907K, committed 10240K, reserved 1048576K
}
Event: 12.918 GC heap after
{Heap after GC invocations=22 (full 0):
 garbage-first heap   total 70656K, used 35860K [0x00000000a2c00000, 0x0000000100000000)
  region size 1024K, 3 young (3072K), 3 survivors (3072K)
 Metaspace       used 73676K, committed 74304K, reserved 1114112K
  class space    used 9907K, committed 10240K, reserved 1048576K
}
Event: 13.275 GC heap before
{Heap before GC invocations=22 (full 0):
 garbage-first heap   total 70656K, used 57364K [0x00000000a2c00000, 0x0000000100000000)
  region size 1024K, 25 young (25600K), 3 survivors (3072K)
 Metaspace       used 74466K, committed 75072K, reserved 1114112K
  class space    used 10017K, committed 10304K, reserved 1048576K
}
Event: 13.280 GC heap after
{Heap after GC invocations=23 (full 0):
 garbage-first heap   total 70656K, used 37102K [0x00000000a2c00000, 0x0000000100000000)
  region size 1024K, 3 young (3072K), 3 survivors (3072K)
 Metaspace       used 74466K, committed 75072K, reserved 1114112K
  class space    used 10017K, committed 10304K, reserved 1048576K
}
Event: 13.610 GC heap before
{Heap before GC invocations=24 (full 0):
 garbage-first heap   total 70656K, used 58606K [0x00000000a2c00000, 0x0000000100000000)
  region size 1024K, 24 young (24576K), 3 survivors (3072K)
 Metaspace       used 74909K, committed 75584K, reserved 1179648K
  class space    used 10131K, committed 10432K, reserved 1048576K
}
Event: 13.615 GC heap after
{Heap after GC invocations=25 (full 0):
 garbage-first heap   total 84992K, used 37863K [0x00000000a2c00000, 0x0000000100000000)
  region size 1024K, 3 young (3072K), 3 survivors (3072K)
 Metaspace       used 74909K, committed 75584K, reserved 1179648K
  class space    used 10131K, committed 10432K, reserved 1048576K
}
Event: 14.070 GC heap before
{Heap before GC invocations=25 (full 0):
 garbage-first heap   total 84992K, used 69607K [0x00000000a2c00000, 0x0000000100000000)
  region size 1024K, 34 young (34816K), 3 survivors (3072K)
 Metaspace       used 76310K, committed 76928K, reserved 1179648K
  class space    used 10325K, committed 10624K, reserved 1048576K
}
Event: 14.075 GC heap after
{Heap after GC invocations=26 (full 0):
 garbage-first heap   total 84992K, used 39731K [0x00000000a2c00000, 0x0000000100000000)
  region size 1024K, 4 young (4096K), 4 survivors (4096K)
 Metaspace       used 76310K, committed 76928K, reserved 1179648K
  class space    used 10325K, committed 10624K, reserved 1048576K
}
Event: 14.747 GC heap before
{Heap before GC invocations=26 (full 0):
 garbage-first heap   total 84992K, used 70451K [0x00000000a2c00000, 0x0000000100000000)
  region size 1024K, 34 young (34816K), 4 survivors (4096K)
 Metaspace       used 77857K, committed 78528K, reserved 1179648K
  class space    used 10568K, committed 10880K, reserved 1048576K
}
Event: 14.754 GC heap after
{Heap after GC invocations=27 (full 0):
 garbage-first heap   total 84992K, used 40660K [0x00000000a2c00000, 0x0000000100000000)
  region size 1024K, 4 young (4096K), 4 survivors (4096K)
 Metaspace       used 77857K, committed 78528K, reserved 1179648K
  class space    used 10568K, committed 10880K, reserved 1048576K
}

