# JRE version: Java(TM) SE Runtime Environment (17.0.10+11) (build 17.0.10+11-LTS-240)
# Java VM: Java HotSpot(TM) 64-Bit Server VM (17.0.10+11-LTS-240, mixed mode, sharing, tiered, compressed oops, compressed class ptrs, g1 gc, windows-amd64)
GC Precious Log:
 CPUs: 16 total, 16 available
 Memory: 5966M
 Large Page Support: Disabled
 NUMA Support: Disabled
 Compressed Oops: Enabled (32-bit)
 Heap Region Size: 1M
 Heap Min Capacity: 8M
 Heap Initial Capacity: 94M
 Heap Max Capacity: 1492M
 Pre-touch: Disabled
 Parallel Workers: 13
 Concurrent Workers: 3
 Concurrent Refinement Workers: 13
 Periodic GC: Disabled
Heap:
 garbage-first heap   total 159744K, used 76295K [0x00000000a2c00000, 0x0000000100000000)
  region size 1024K, 29 young (29696K), 1 survivors (1024K)
 Metaspace       used 91166K, committed 91904K, reserved 1179648K
  class space    used 12614K, committed 12928K, reserved 1048576K
GC Heap History (20 events):
Event: 17.037 GC heap before
{Heap before GC invocations=22 (full 0):
 garbage-first heap   total 79872K, used 63947K [0x00000000a2c00000, 0x0000000100000000)
  region size 1024K, 29 young (29696K), 4 survivors (4096K)
 Metaspace       used 79499K, committed 80064K, reserved 1179648K
  class space    used 10903K, committed 11200K, reserved 1048576K
}
Event: 17.043 GC heap after
{Heap after GC invocations=23 (full 0):
 garbage-first heap   total 79872K, used 40757K [0x00000000a2c00000, 0x0000000100000000)
  region size 1024K, 3 young (3072K), 3 survivors (3072K)
 Metaspace       used 79499K, committed 80064K, reserved 1179648K
  class space    used 10903K, committed 11200K, reserved 1048576K
}
Event: 17.451 GC heap before
{Heap before GC invocations=23 (full 0):
 garbage-first heap   total 79872K, used 65333K [0x00000000a2c00000, 0x0000000100000000)
  region size 1024K, 28 young (28672K), 3 survivors (3072K)
 Metaspace       used 81425K, committed 82048K, reserved 1179648K
  class space    used 11157K, committed 11520K, reserved 1048576K
}
Event: 17.456 GC heap after
{Heap after GC invocations=24 (full 0):
 garbage-first heap   total 79872K, used 41321K [0x00000000a2c00000, 0x0000000100000000)
  region size 1024K, 2 young (2048K), 2 survivors (2048K)
 Metaspace       used 81425K, committed 82048K, reserved 1179648K
  class space    used 11157K, committed 11520K, reserved 1048576K
}
Event: 18.051 GC heap before
{Heap before GC invocations=25 (full 0):
 garbage-first heap   total 79872K, used 65897K [0x00000000a2c00000, 0x0000000100000000)
  region size 1024K, 27 young (27648K), 2 survivors (2048K)
 Metaspace       used 82346K, committed 83008K, reserved 1179648K
  class space    used 11334K, committed 11648K, reserved 1048576K
}
Event: 18.055 GC heap after
{Heap after GC invocations=26 (full 0):
 garbage-first heap   total 79872K, used 42352K [0x00000000a2c00000, 0x0000000100000000)
  region size 1024K, 3 young (3072K), 3 survivors (3072K)
 Metaspace       used 82346K, committed 83008K, reserved 1179648K
  class space    used 11334K, committed 11648K, reserved 1048576K
}
Event: 18.065 GC heap before
{Heap before GC invocations=26 (full 0):
 garbage-first heap   total 79872K, used 43376K [0x00000000a2c00000, 0x0000000100000000)
  region size 1024K, 4 young (4096K), 3 survivors (3072K)
 Metaspace       used 82377K, committed 83008K, reserved 1179648K
  class space    used 11336K, committed 11648K, reserved 1048576K
}
Event: 18.068 GC heap after
{Heap after GC invocations=27 (full 0):
 garbage-first heap   total 79872K, used 41947K [0x00000000a2c00000, 0x0000000100000000)
  region size 1024K, 1 young (1024K), 1 survivors (1024K)
 Metaspace       used 82377K, committed 83008K, reserved 1179648K
  class space    used 11336K, committed 11648K, reserved 1048576K
}
Event: 18.626 GC heap before
{Heap before GC invocations=27 (full 0):
 garbage-first heap   total 79872K, used 65499K [0x00000000a2c00000, 0x0000000100000000)
  region size 1024K, 25 young (25600K), 1 survivors (1024K)
 Metaspace       used 83884K, committed 84544K, reserved 1179648K
  class space    used 11562K, committed 11904K, reserved 1048576K
}
Event: 18.631 GC heap after
{Heap after GC invocations=28 (full 0):
 garbage-first heap   total 79872K, used 43077K [0x00000000a2c00000, 0x0000000100000000)
  region size 1024K, 2 young (2048K), 2 survivors (2048K)
 Metaspace       used 83884K, committed 84544K, reserved 1179648K
  class space    used 11562K, committed 11904K, reserved 1048576K
}
Event: 19.180 GC heap before
{Heap before GC invocations=29 (full 0):
 garbage-first heap   total 79872K, used 66629K [0x00000000a2c00000, 0x0000000100000000)
  region size 1024K, 25 young (25600K), 2 survivors (2048K)
 Metaspace       used 84848K, committed 85440K, reserved 1179648K
  class space    used 11675K, committed 11968K, reserved 1048576K
}
Event: 19.184 GC heap after
{Heap after GC invocations=30 (full 0):
 garbage-first heap   total 79872K, used 44316K [0x00000000a2c00000, 0x0000000100000000)
  region size 1024K, 3 young (3072K), 3 survivors (3072K)
 Metaspace       used 84848K, committed 85440K, reserved 1179648K
  class space    used 11675K, committed 11968K, reserved 1048576K
}
Event: 19.210 GC heap before
{Heap before GC invocations=30 (full 0):
 garbage-first heap   total 79872K, used 45340K [0x00000000a2c00000, 0x0000000100000000)
  region size 1024K, 4 young (4096K), 3 survivors (3072K)
 Metaspace       used 84897K, committed 85568K, reserved 1179648K
  class space    used 11684K, committed 12032K, reserved 1048576K
}
Event: 19.215 GC heap after
{Heap after GC invocations=31 (full 0):
 garbage-first heap   total 79872K, used 44090K [0x00000000a2c00000, 0x0000000100000000)
  region size 1024K, 1 young (1024K), 1 survivors (1024K)
 Metaspace       used 84897K, committed 85568K, reserved 1179648K
  class space    used 11684K, committed 12032K, reserved 1048576K
}
Event: 19.617 GC heap before
{Heap before GC invocations=31 (full 0):
 garbage-first heap   total 79872K, used 66618K [0x00000000a2c00000, 0x0000000100000000)
  region size 1024K, 23 young (23552K), 1 survivors (1024K)
 Metaspace       used 85487K, committed 86144K, reserved 1179648K
  class space    used 11785K, committed 12096K, reserved 1048576K
}
Event: 19.622 GC heap after
{Heap after GC invocations=32 (full 0):
 garbage-first heap   total 159744K, used 44840K [0x00000000a2c00000, 0x0000000100000000)
  region size 1024K, 2 young (2048K), 2 survivors (2048K)
 Metaspace       used 85487K, committed 86144K, reserved 1179648K
  class space    used 11785K, committed 12096K, reserved 1048576K
}
Event: 22.019 GC heap before
{Heap before GC invocations=33 (full 0):
 garbage-first heap   total 159744K, used 129832K [0x00000000a2c00000, 0x0000000100000000)
  region size 1024K, 85 young (87040K), 2 survivors (2048K)
 Metaspace       used 88499K, committed 89152K, reserved 1179648K
  class space    used 12228K, committed 12544K, reserved 1048576K
}
Event: 22.028 GC heap after
{Heap after GC invocations=34 (full 0):
 garbage-first heap   total 159744K, used 49343K [0x00000000a2c00000, 0x0000000100000000)
  region size 1024K, 6 young (6144K), 6 survivors (6144K)
 Metaspace       used 88499K, committed 89152K, reserved 1179648K
  class space    used 12228K, committed 12544K, reserved 1048576K
}
Event: 22.046 GC heap before
{Heap before GC invocations=34 (full 0):
 garbage-first heap   total 159744K, used 50367K [0x00000000a2c00000, 0x0000000100000000)
  region size 1024K, 7 young (7168K), 6 survivors (6144K)
 Metaspace       used 88604K, committed 89280K, reserved 1179648K
  class space    used 12241K, committed 12544K, reserved 1048576K
}
Event: 22.052 GC heap after
{Heap after GC invocations=35 (full 0):
 garbage-first heap   total 159744K, used 49671K [0x00000000a2c00000, 0x0000000100000000)
  region size 1024K, 1 young (1024K), 1 survivors (1024K)
 Metaspace       used 88604K, committed 89280K, reserved 1179648K
  class space    used 12241K, committed 12544K, reserved 1048576K
}

