# JRE version: Java(TM) SE Runtime Environment (17.0.10+11) (build 17.0.10+11-LTS-240)
# Java VM: Java HotSpot(TM) 64-Bit Server VM (17.0.10+11-LTS-240, mixed mode, sharing, tiered, compressed oops, compressed class ptrs, g1 gc, windows-amd64)
GC Precious Log:
 CPUs: 16 total, 16 available
 Memory: 5966M
 Large Page Support: Disabled
 NUMA Support: Disabled
 Compressed Oops: Enabled (32-bit)
 Heap Region Size: 1M
 Heap Min Capacity: 8M
 Heap Initial Capacity: 94M
 Heap Max Capacity: 1492M
 Pre-touch: Disabled
 Parallel Workers: 13
 Concurrent Workers: 3
 Concurrent Refinement Workers: 13
 Periodic GC: Disabled
Heap:
 garbage-first heap   total 212992K, used 109460K [0x00000000a2c00000, 0x0000000100000000)
  region size 1024K, 68 young (69632K), 4 survivors (4096K)
 Metaspace       used 98224K, committed 99008K, reserved 1179648K
  class space    used 13472K, committed 13824K, reserved 1048576K
GC Heap History (20 events):
Event: 14.764 GC heap before
{Heap before GC invocations=22 (full 0):
 garbage-first heap   total 106496K, used 86208K [0x00000000a2c00000, 0x0000000100000000)
  region size 1024K, 47 young (48128K), 3 survivors (3072K)
 Metaspace       used 84061K, committed 84672K, reserved 1179648K
  class space    used 11525K, committed 11776K, reserved 1048576K
}
Event: 14.769 GC heap after
{Heap after GC invocations=23 (full 0):
 garbage-first heap   total 106496K, used 43269K [0x00000000a2c00000, 0x0000000100000000)
  region size 1024K, 5 young (5120K), 5 survivors (5120K)
 Metaspace       used 84061K, committed 84672K, reserved 1179648K
  class space    used 11525K, committed 11776K, reserved 1048576K
}
Event: 15.517 GC heap before
{Heap before GC invocations=23 (full 0):
 garbage-first heap   total 106496K, used 86277K [0x00000000a2c00000, 0x0000000100000000)
  region size 1024K, 47 young (48128K), 5 survivors (5120K)
 Metaspace       used 85752K, committed 86336K, reserved 1179648K
  class space    used 11762K, committed 12032K, reserved 1048576K
}
Event: 15.523 GC heap after
{Heap after GC invocations=24 (full 0):
 garbage-first heap   total 106496K, used 45509K [0x00000000a2c00000, 0x0000000100000000)
  region size 1024K, 6 young (6144K), 6 survivors (6144K)
 Metaspace       used 85752K, committed 86336K, reserved 1179648K
  class space    used 11762K, committed 12032K, reserved 1048576K
}
Event: 16.098 GC heap before
{Heap before GC invocations=24 (full 0):
 garbage-first heap   total 106496K, used 86469K [0x00000000a2c00000, 0x0000000100000000)
  region size 1024K, 46 young (47104K), 6 survivors (6144K)
 Metaspace       used 87361K, committed 87936K, reserved 1179648K
  class space    used 12008K, committed 12288K, reserved 1048576K
}
Event: 16.104 GC heap after
{Heap after GC invocations=25 (full 0):
 garbage-first heap   total 106496K, used 47811K [0x00000000a2c00000, 0x0000000100000000)
  region size 1024K, 5 young (5120K), 5 survivors (5120K)
 Metaspace       used 87361K, committed 87936K, reserved 1179648K
  class space    used 12008K, committed 12288K, reserved 1048576K
}
Event: 16.706 GC heap before
{Heap before GC invocations=25 (full 0):
 garbage-first heap   total 106496K, used 87747K [0x00000000a2c00000, 0x0000000100000000)
  region size 1024K, 44 young (45056K), 5 survivors (5120K)
 Metaspace       used 88639K, committed 89344K, reserved 1179648K
  class space    used 12179K, committed 12544K, reserved 1048576K
}
Event: 16.713 GC heap after
{Heap after GC invocations=26 (full 0):
 garbage-first heap   total 106496K, used 49743K [0x00000000a2c00000, 0x0000000100000000)
  region size 1024K, 5 young (5120K), 5 survivors (5120K)
 Metaspace       used 88639K, committed 89344K, reserved 1179648K
  class space    used 12179K, committed 12544K, reserved 1048576K
}
Event: 21.046 GC heap before
{Heap before GC invocations=26 (full 0):
 garbage-first heap   total 106496K, used 86607K [0x00000000a2c00000, 0x0000000100000000)
  region size 1024K, 42 young (43008K), 5 survivors (5120K)
 Metaspace       used 91609K, committed 92352K, reserved 1179648K
  class space    used 12610K, committed 12992K, reserved 1048576K
}
Event: 21.055 GC heap after
{Heap after GC invocations=27 (full 0):
 garbage-first heap   total 106496K, used 50943K [0x00000000a2c00000, 0x0000000100000000)
  region size 1024K, 4 young (4096K), 4 survivors (4096K)
 Metaspace       used 91609K, committed 92352K, reserved 1179648K
  class space    used 12610K, committed 12992K, reserved 1048576K
}
Event: 115.480 GC heap before
{Heap before GC invocations=27 (full 0):
 garbage-first heap   total 106496K, used 86783K [0x00000000a2c00000, 0x0000000100000000)
  region size 1024K, 40 young (40960K), 4 survivors (4096K)
 Metaspace       used 97686K, committed 98432K, reserved 1179648K
  class space    used 13413K, committed 13760K, reserved 1048576K
}
Event: 115.705 GC heap after
{Heap after GC invocations=28 (full 0):
 garbage-first heap   total 106496K, used 52346K [0x00000000a2c00000, 0x0000000100000000)
  region size 1024K, 4 young (4096K), 4 survivors (4096K)
 Metaspace       used 97686K, committed 98432K, reserved 1179648K
  class space    used 13413K, committed 13760K, reserved 1048576K
}
Event: 556.314 GC heap before
{Heap before GC invocations=29 (full 0):
 garbage-first heap   total 106496K, used 89210K [0x00000000a2c00000, 0x0000000100000000)
  region size 1024K, 40 young (40960K), 4 survivors (4096K)
 Metaspace       used 97802K, committed 98560K, reserved 1179648K
  class space    used 13412K, committed 13760K, reserved 1048576K
}
Event: 556.526 GC heap after
{Heap after GC invocations=30 (full 0):
 garbage-first heap   total 106496K, used 52556K [0x00000000a2c00000, 0x0000000100000000)
  region size 1024K, 2 young (2048K), 2 survivors (2048K)
 Metaspace       used 97802K, committed 98560K, reserved 1179648K
  class space    used 13412K, committed 13760K, reserved 1048576K
}
Event: 592.228 GC heap before
{Heap before GC invocations=30 (full 0):
 garbage-first heap   total 106496K, used 55628K [0x00000000a2c00000, 0x0000000100000000)
  region size 1024K, 5 young (5120K), 2 survivors (2048K)
 Metaspace       used 97814K, committed 98560K, reserved 1179648K
  class space    used 13418K, committed 13760K, reserved 1048576K
}
Event: 592.369 GC heap after
{Heap after GC invocations=31 (full 0):
 garbage-first heap   total 106496K, used 50643K [0x00000000a2c00000, 0x0000000100000000)
  region size 1024K, 1 young (1024K), 1 survivors (1024K)
 Metaspace       used 97814K, committed 98560K, reserved 1179648K
  class space    used 13418K, committed 13760K, reserved 1048576K
}
Event: 594.000 GC heap before
{Heap before GC invocations=31 (full 0):
 garbage-first heap   total 106496K, used 52691K [0x00000000a2c00000, 0x0000000100000000)
  region size 1024K, 4 young (4096K), 1 survivors (1024K)
 Metaspace       used 97893K, committed 98688K, reserved 1179648K
  class space    used 13440K, committed 13824K, reserved 1048576K
}
Event: 595.039 GC heap after
{Heap after GC invocations=32 (full 1):
 garbage-first heap   total 106496K, used 41184K [0x00000000a2c00000, 0x0000000100000000)
  region size 1024K, 0 young (0K), 0 survivors (0K)
 Metaspace       used 97893K, committed 98688K, reserved 1179648K
  class space    used 13440K, committed 13824K, reserved 1048576K
}
Event: 597.947 GC heap before
{Heap before GC invocations=32 (full 1):
 garbage-first heap   total 106496K, used 85216K [0x00000000a2c00000, 0x0000000100000000)
  region size 1024K, 44 young (45056K), 0 survivors (0K)
 Metaspace       used 98022K, committed 98816K, reserved 1179648K
  class space    used 13454K, committed 13824K, reserved 1048576K
}
Event: 598.005 GC heap after
{Heap after GC invocations=33 (full 1):
 garbage-first heap   total 212992K, used 44948K [0x00000000a2c00000, 0x0000000100000000)
  region size 1024K, 4 young (4096K), 4 survivors (4096K)
 Metaspace       used 98022K, committed 98816K, reserved 1179648K
  class space    used 13454K, committed 13824K, reserved 1048576K
}

